2026-06-24 20:42:59,051 - 756d15cbc22ef8895511d0a8abcb8549-watermark-6766656A696766636765.pdf movido para Documentos
2026-06-24 20:42:59,053 - Agendamento Vistoria.pdf movido para Documentos
2026-06-24 20:42:59,054 - BO.pdf movido para Documentos
2026-06-24 20:42:59,055 - BO.png movido para Imagens
2026-06-24 20:42:59,057 - BOLETIM DE OCORRENCIA REDS_2026-014373968-001.pdf movido para Documentos
2026-06-24 20:42:59,058 - Captura de tela 2026-03-28 142448.png movido para Imagens
2026-06-24 20:42:59,060 - Captura de tela 2026-03-28 142625.png movido para Imagens
2026-06-24 20:42:59,062 - Captura de tela 2026-03-28 142717.png movido para Imagens
2026-06-24 20:42:59,064 - Captura de tela 2026-03-28 142801.png movido para Imagens
2026-06-24 20:42:59,066 - CNH JHONYpdf.pdf movido para Documentos
2026-06-24 20:42:59,067 - CNH-e.pdf.pdf movido para Documentos
2026-06-24 20:42:59,068 - CRV-Versa.pdf movido para Documentos
2026-06-24 20:42:59,069 - Currículo Jefferson Lisboa A. da Silva.docx movido para Documentos
2026-06-24 20:42:59,070 - Decalque chassi.pdf movido para Documentos
2026-06-24 20:42:59,072 - extrato corridas recebimentos.pdf movido para Documentos
2026-06-24 20:42:59,074 - extrato_didi.pdf movido para Documentos
2026-06-24 20:42:59,077 - ilide.info-tutorial-cheat-rf-online-pr_bbbbd058e998a6342ce7f41efe46aed7.pdf movido para Documentos
2026-06-24 20:42:59,079 - Jefferson_Lisboa_Analista_Suporte.pdf movido para Documentos
2026-06-24 20:42:59,081 - Jefferson_Lisboa_Analista_Suporte_DevJr.pdf movido para Documentos
2026-06-24 20:42:59,083 - Procuracao_assinado.pdf movido para Documentos
2026-06-24 20:42:59,084 - Procuracao_assinado_assinado jefferson e renata.pdf movido para Documentos
2026-06-24 20:42:59,087 - WhatsApp Image 2026-03-28 at 13.23.34.jpeg movido para Imagens
2026-06-24 20:42:59,090 - WhatsApp Image 2026-03-28 at 13.23.35 (1).jpeg movido para Imagens
2026-06-24 20:42:59,093 - WhatsApp Image 2026-03-28 at 13.23.35.jpeg movido para Imagens
2026-06-24 20:42:59,095 - WhatsApp Image 2026-03-28 at 14.29.43.jpeg movido para Imagens
2026-06-24 20:42:59,096 - WhatsApp Image 2026-03-28 at 14.35.26.jpeg movido para Imagens
2026-06-24 20:42:59,097 - WhatsApp Image 2026-03-28 at 14.36.53.jpeg movido para Imagens
2026-06-24 20:42:59,099 - WhatsApp Image 2026-04-08 at 19.32.31.jpeg movido para Imagens
2026-06-24 20:42:59,100 - WhatsApp Image 2026-04-09 at 13.09.19.jpeg movido para Imagens
2026-06-24 20:42:59,102 - · Processo Judicial Eletrônico.pdf movido para Documentos
2026-06-25 08:12:54,244 - [PREVIEW] 756d15cbc22ef8895511d0a8abcb8549-watermark-6766656A696766636765.pdf seria movido para Imagens
2026-06-25 08:12:54,245 - [PREVIEW] 756d15cbc22ef8895511d0a8abcb8549-watermark-6766656A696766636765.pdf seria movido para Documentos
2026-06-25 08:12:54,246 - [PREVIEW] Agendamento Vistoria.pdf seria movido para Imagens
2026-06-25 08:12:54,246 - [PREVIEW] Agendamento Vistoria.pdf seria movido para Documentos
2026-06-25 08:12:54,247 - [PREVIEW] BO.pdf seria movido para Imagens
2026-06-25 08:12:54,247 - [PREVIEW] BO.pdf seria movido para Documentos
2026-06-25 08:12:54,247 - [PREVIEW] BOLETIM DE OCORRENCIA REDS_2026-014373968-001.pdf seria movido para Imagens
2026-06-25 08:12:54,248 - [PREVIEW] BOLETIM DE OCORRENCIA REDS_2026-014373968-001.pdf seria movido para Documentos
2026-06-25 08:12:54,248 - [PREVIEW] CNH JHONYpdf.pdf seria movido para Imagens
2026-06-25 08:12:54,249 - [PREVIEW] CNH JHONYpdf.pdf seria movido para Documentos
2026-06-25 08:12:54,249 - [PREVIEW] CNH-e.pdf.pdf seria movido para Imagens
2026-06-25 08:12:54,250 - [PREVIEW] CNH-e.pdf.pdf seria movido para Documentos
2026-06-25 08:12:54,250 - [PREVIEW] CRV-Versa.pdf seria movido para Imagens
2026-06-25 08:12:54,251 - [PREVIEW] CRV-Versa.pdf seria movido para Documentos
2026-06-25 08:12:54,251 - [PREVIEW] Currículo Jefferson Lisboa A. da Silva.docx seria movido para Documentos
2026-06-25 08:12:54,252 - [PREVIEW] Decalque chassi.pdf seria movido para Imagens
2026-06-25 08:12:54,252 - [PREVIEW] Decalque chassi.pdf seria movido para Documentos
2026-06-25 08:12:54,253 - [PREVIEW] desktop.ini seria movido para Planilhas
2026-06-25 08:12:54,253 - [PREVIEW] Document 1 (1).odt seria movido para Documentos
2026-06-25 08:12:54,254 - [PREVIEW] Document 1 (2).odt seria movido para Documentos
2026-06-25 08:12:54,254 - [PREVIEW] extrato corridas recebimentos (1).xlsx seria movido para Planilhas
2026-06-25 08:12:54,254 - [PREVIEW] extrato corridas recebimentos.pdf seria movido para Imagens
2026-06-25 08:12:54,255 - [PREVIEW] extrato corridas recebimentos.pdf seria movido para Documentos
2026-06-25 08:12:54,255 - [PREVIEW] extrato corridas recebimentos.xlsx seria movido para Planilhas
2026-06-25 08:12:54,256 - [PREVIEW] extrato_didi.pdf seria movido para Imagens
2026-06-25 08:12:54,257 - [PREVIEW] extrato_didi.pdf seria movido para Documentos
2026-06-25 08:12:54,257 - [PREVIEW] ilide.info-tutorial-cheat-rf-online-pr_bbbbd058e998a6342ce7f41efe46aed7.pdf seria movido para Imagens
2026-06-25 08:12:54,257 - [PREVIEW] ilide.info-tutorial-cheat-rf-online-pr_bbbbd058e998a6342ce7f41efe46aed7.pdf seria movido para Documentos
2026-06-25 08:12:54,258 - [PREVIEW] Jefferson Lisboa - Blackned Skies - Jefferson Lisboa (youtube).mp3 seria movido para Audios
2026-06-25 08:12:54,259 - [PREVIEW] Jefferson_Lisboa_Analista_Suporte.pdf seria movido para Imagens
2026-06-25 08:12:54,259 - [PREVIEW] Jefferson_Lisboa_Analista_Suporte.pdf seria movido para Documentos
2026-06-25 08:12:54,259 - [PREVIEW] Jefferson_Lisboa_Analista_Suporte_DevJr.pdf seria movido para Imagens
2026-06-25 08:12:54,260 - [PREVIEW] Jefferson_Lisboa_Analista_Suporte_DevJr.pdf seria movido para Documentos
2026-06-25 08:12:54,260 - [PREVIEW] Primeiro trecho.wav seria movido para Audios
2026-06-25 08:12:54,260 - [PREVIEW] Procuracao_assinado.pdf seria movido para Imagens
2026-06-25 08:12:54,260 - [PREVIEW] Procuracao_assinado.pdf seria movido para Documentos
2026-06-25 08:12:54,261 - [PREVIEW] Procuracao_assinado_assinado jefferson e renata.pdf seria movido para Imagens
2026-06-25 08:12:54,261 - [PREVIEW] Procuracao_assinado_assinado jefferson e renata.pdf seria movido para Documentos
2026-06-25 08:12:54,261 - [PREVIEW] WhatsApp Audio 2026-02-09 at 12.46.23.aac seria movido para Audios
2026-06-25 08:12:54,261 - [PREVIEW] WhatsApp Audio 2026-02-09 at 12.50.31.aac seria movido para Audios
2026-06-25 08:12:54,262 - [PREVIEW] · Processo Judicial Eletrônico.pdf seria movido para Imagens
2026-06-25 08:12:54,262 - [PREVIEW] · Processo Judicial Eletrônico.pdf seria movido para Documentos
2026-06-25 08:13:52,786 - 756d15cbc22ef8895511d0a8abcb8549-watermark-6766656A696766636765.pdf movido para Imagens
2026-06-25 08:14:39,266 - Agendamento Vistoria.pdf movido para Imagens
2026-06-25 08:17:19,827 - BO.pdf movido para Documentos
2026-06-25 08:17:19,829 - BOLETIM DE OCORRENCIA REDS_2026-014373968-001.pdf movido para Documentos
2026-06-25 08:17:19,830 - CNH JHONYpdf.pdf movido para Documentos
2026-06-25 08:17:19,831 - CNH-e.pdf.pdf movido para Documentos
2026-06-25 08:17:19,832 - CRV-Versa.pdf movido para Documentos
2026-06-25 08:17:19,833 - Currículo Jefferson Lisboa A. da Silva.docx movido para Documentos
2026-06-25 08:17:19,834 - Decalque chassi.pdf movido para Documentos
2026-06-25 08:17:19,836 - desktop.ini movido para Planilhas
2026-06-25 08:17:19,836 - Document 1 (1).odt movido para Documentos
2026-06-25 08:17:19,838 - Document 1 (2).odt movido para Documentos
2026-06-25 08:17:19,840 - extrato corridas recebimentos (1).xlsx movido para Planilhas
2026-06-25 08:17:19,841 - extrato corridas recebimentos.pdf movido para Documentos
2026-06-25 08:17:19,842 - extrato corridas recebimentos.xlsx movido para Planilhas
2026-06-25 08:17:19,844 - extrato_didi.pdf movido para Documentos
2026-06-25 08:17:19,848 - ilide.info-tutorial-cheat-rf-online-pr_bbbbd058e998a6342ce7f41efe46aed7.pdf movido para Documentos
2026-06-25 08:17:19,849 - Jefferson Lisboa - Blackned Skies - Jefferson Lisboa (youtube).mp3 movido para Audios
2026-06-25 08:17:19,850 - Jefferson_Lisboa_Analista_Suporte.pdf movido para Documentos
2026-06-25 08:17:19,852 - Jefferson_Lisboa_Analista_Suporte_DevJr.pdf movido para Documentos
2026-06-25 08:17:19,853 - Primeiro trecho.wav movido para Audios
2026-06-25 08:17:19,855 - Procuracao_assinado.pdf movido para Documentos
2026-06-25 08:17:19,856 - Procuracao_assinado_assinado jefferson e renata.pdf movido para Documentos
2026-06-25 08:17:19,857 - WhatsApp Audio 2026-02-09 at 12.46.23.aac movido para Audios
2026-06-25 08:17:19,858 - WhatsApp Audio 2026-02-09 at 12.50.31.aac movido para Audios
2026-06-25 08:17:19,860 - · Processo Judicial Eletrônico.pdf movido para Documentos
2026-06-25 08:47:29,093 - 756d15cbc22ef8895511d0a8abcb8549-watermark-6766656A696766636765.pdf movido para Documentos/2026/Abril
2026-06-25 08:47:29,094 - A Lenda 1985.mp4 movido para Videos/2026/Abril
2026-06-25 08:47:29,095 - Agendamento Vistoria.pdf movido para Documentos/2025/Outubro
2026-06-25 08:47:29,096 - BO.pdf movido para Documentos/2026/Março
2026-06-25 08:47:29,097 - BO.png movido para Imagens/2026/Março
2026-06-25 08:47:29,098 - BOLETIM DE OCORRENCIA REDS_2026-014373968-001.pdf movido para Documentos/2026/Março
2026-06-25 08:47:29,099 - Captura de tela 2026-03-28 142448.png movido para Imagens/2026/Março
2026-06-25 08:47:29,101 - Captura de tela 2026-03-28 142625.png movido para Imagens/2026/Março
2026-06-25 08:47:29,102 - Captura de tela 2026-03-28 142717.png movido para Imagens/2026/Março
2026-06-25 08:47:29,103 - Captura de tela 2026-03-28 142801.png movido para Imagens/2026/Março
2026-06-25 08:47:29,104 - CNH JHONYpdf.pdf movido para Documentos/2026/Fevereiro
2026-06-25 08:47:29,106 - CNH-e.pdf.pdf movido para Documentos/2026/Março
2026-06-25 08:47:29,108 - CRV-Versa.pdf movido para Documentos/2025/Outubro
2026-06-25 08:47:29,111 - Currículo Jefferson Lisboa A. da Silva.docx movido para Documentos/2026/Junho
2026-06-25 08:47:29,113 - Decalque chassi.pdf movido para Documentos/2025/Outubro
2026-06-25 08:47:29,114 - Document 1 (1).odt movido para Documentos/2026/Janeiro
2026-06-25 08:47:29,115 - Document 1 (2).odt movido para Documentos/2026/Janeiro
2026-06-25 08:47:29,116 - extrato corridas recebimentos (1).xlsx movido para Planilhas/2026/Abril
2026-06-25 08:47:29,117 - extrato corridas recebimentos.pdf movido para Documentos/2026/Abril
2026-06-25 08:47:29,117 - extrato corridas recebimentos.xlsx movido para Planilhas/2026/Abril
2026-06-25 08:47:29,118 - extrato_didi.pdf movido para Documentos/2026/Abril
2026-06-25 08:47:29,120 - ilide.info-tutorial-cheat-rf-online-pr_bbbbd058e998a6342ce7f41efe46aed7.pdf movido para Documentos/2026/Maio
2026-06-25 08:47:29,121 - Jefferson Lisboa - Blackned Skies - Jefferson Lisboa (youtube).mp3 movido para Audios/2026/Fevereiro
2026-06-25 08:47:29,123 - Jefferson_Lisboa_Analista_Suporte.pdf movido para Documentos/2026/Junho
2026-06-25 08:47:29,126 - Jefferson_Lisboa_Analista_Suporte_DevJr.pdf movido para Documentos/2026/Junho
2026-06-25 08:47:29,127 - Primeiro trecho.wav movido para Audios/2026/Fevereiro
2026-06-25 08:47:29,129 - Procuracao_assinado.pdf movido para Documentos/2026/Abril
2026-06-25 08:47:29,130 - Procuracao_assinado_assinado jefferson e renata.pdf movido para Documentos/2026/Abril
2026-06-25 08:47:29,131 - WhatsApp Audio 2026-02-09 at 12.46.23.aac movido para Audios/2026/Fevereiro
2026-06-25 08:47:29,132 - WhatsApp Audio 2026-02-09 at 12.50.31.aac movido para Audios/2026/Fevereiro
2026-06-25 08:47:29,133 - WhatsApp Image 2026-03-28 at 13.23.34.jpeg movido para Imagens/2026/Março
2026-06-25 08:47:29,134 - WhatsApp Image 2026-03-28 at 13.23.35 (1).jpeg movido para Imagens/2026/Março
2026-06-25 08:47:29,135 - WhatsApp Image 2026-03-28 at 13.23.35.jpeg movido para Imagens/2026/Março
2026-06-25 08:47:29,136 - WhatsApp Image 2026-03-28 at 14.29.43.jpeg movido para Imagens/2026/Março
2026-06-25 08:47:29,137 - WhatsApp Image 2026-03-28 at 14.35.26.jpeg movido para Imagens/2026/Março
2026-06-25 08:47:29,139 - WhatsApp Image 2026-03-28 at 14.36.53.jpeg movido para Imagens/2026/Março
2026-06-25 08:47:29,141 - WhatsApp Image 2026-04-08 at 19.32.31.jpeg movido para Imagens/2026/Abril
2026-06-25 08:47:29,142 - WhatsApp Image 2026-04-09 at 13.09.19.jpeg movido para Imagens/2026/Abril
2026-06-25 08:47:29,143 - · Processo Judicial Eletrônico.pdf movido para Documentos/2026/Abril
